
*** Running vivado
    with args -log DAC_Control.vdi -applog -m64 -messageDb vivado.pb -mode batch -source DAC_Control.tcl -notrace


****** Vivado v2014.2 (64-bit)
  **** SW Build 932637 on Wed Jun 11 13:33:10 MDT 2014
  **** IP Build 924643 on Fri May 30 09:20:16 MDT 2014
    ** Copyright 1986-2014 Xilinx, Inc. All Rights Reserved.

source DAC_Control.tcl -notrace
Design is defaulting to srcset: sources_1
Design is defaulting to constrset: constrs_1
INFO: [Netlist 29-17] Analyzing 9 Unisim elements for replacement
INFO: [Netlist 29-28] Unisim Transformation completed in 0 CPU seconds
INFO: [Project 1-479] Netlist was created with Vivado 2014.2
Loading clock regions from C:/Xilinx/Vivado/2014.2/data\parts/xilinx/zynq/zynq/xc7z020/ClockRegion.xml
Loading clock buffers from C:/Xilinx/Vivado/2014.2/data\parts/xilinx/zynq/zynq/xc7z020/ClockBuffers.xml
Loading clock placement rules from C:/Xilinx/Vivado/2014.2/data/parts/xilinx/zynq/ClockPlacerRules.xml
Loading package pin functions from C:/Xilinx/Vivado/2014.2/data\parts/xilinx/zynq/PinFunctions.xml...
Loading package from C:/Xilinx/Vivado/2014.2/data\parts/xilinx/zynq/zynq/xc7z020/clg484/Package.xml
Loading io standards from C:/Xilinx/Vivado/2014.2/data\./parts/xilinx/zynq/IOStandards.xml
INFO: [Opt 31-140] Inserted 0 IBUFs to IO ports without IO buffers.
INFO: [Opt 31-141] Inserted 0 OBUFs to IO ports without IO buffers.
Parsing XDC File [C:/Zynq_Book/ANOTHER_AND_GATE/ANOTHER_AND_GATE.srcs/constrs_1/imports/Zynq_Book/zedboard_master.xdc]
WARNING: [Vivado 12-584] No ports matched 'JC2_P'. [C:/Zynq_Book/ANOTHER_AND_GATE/ANOTHER_AND_GATE.srcs/constrs_1/imports/Zynq_Book/zedboard_master.xdc:118]
CRITICAL WARNING: [Common 17-55] 'set_property' expects at least one object. [C:/Zynq_Book/ANOTHER_AND_GATE/ANOTHER_AND_GATE.srcs/constrs_1/imports/Zynq_Book/zedboard_master.xdc:118]
Finished Parsing XDC File [C:/Zynq_Book/ANOTHER_AND_GATE/ANOTHER_AND_GATE.srcs/constrs_1/imports/Zynq_Book/zedboard_master.xdc]
INFO: [Opt 31-138] Pushed 0 inverter(s) to 0 load pin(s).
INFO: [Project 1-111] Unisim Transformation Summary:
No Unisim elements were transformed.

link_design: Time (s): cpu = 00:00:05 ; elapsed = 00:00:06 . Memory (MB): peak = 452.453 ; gain = 270.023
Command: opt_design
Attempting to get a license for feature 'Implementation' and/or device 'xc7z020'
INFO: [Common 17-349] Got license for feature 'Implementation' and/or device 'xc7z020'
Running DRC as a precondition to command opt_design

Starting DRC Task
INFO: [Drc 23-27] Running DRC with 2 threads
INFO: [Project 1-461] DRC finished with 0 Errors
INFO: [Project 1-462] Please refer to the DRC report (report_drc) for more information.

Time (s): cpu = 00:00:00 ; elapsed = 00:00:00.093 . Memory (MB): peak = 454.699 ; gain = 2.246
INFO: [Timing 38-35] Done setting XDC timing constraints.

Starting Logic Optimization Task

Phase 1 Retarget

INFO: [Opt 31-138] Pushed 0 inverter(s) to 0 load pin(s).
INFO: [Opt 31-49] Retargeted 0 cell(s).
Phase 1 Retarget | Checksum: ffeae05a

Time (s): cpu = 00:00:00 ; elapsed = 00:00:00.015 . Memory (MB): peak = 871.691 ; gain = 0.000

Phase 2 Constant Propagation
INFO: [Opt 31-138] Pushed 0 inverter(s) to 0 load pin(s).
INFO: [Opt 31-10] Eliminated 31 cells.
Phase 2 Constant Propagation | Checksum: 10d41761e

Time (s): cpu = 00:00:00 ; elapsed = 00:00:00.032 . Memory (MB): peak = 871.691 ; gain = 0.000

Phase 3 Sweep
INFO: [Opt 31-12] Eliminated 54 unconnected nets.
INFO: [Opt 31-140] Inserted 0 IBUFs to IO ports without IO buffers.
INFO: [Opt 31-141] Inserted 0 OBUFs to IO ports without IO buffers.
INFO: [Opt 31-11] Eliminated 0 unconnected cells.
Phase 3 Sweep | Checksum: 1e2b5f7ca

Time (s): cpu = 00:00:00 ; elapsed = 00:00:00.046 . Memory (MB): peak = 871.691 ; gain = 0.000
Ending Logic Optimization Task | Checksum: 1e2b5f7ca

Time (s): cpu = 00:00:00 ; elapsed = 00:00:00.048 . Memory (MB): peak = 871.691 ; gain = 0.000
Implement Debug Cores | Checksum: 70576b4c
Logic Optimization | Checksum: 70576b4c

Starting Power Optimization Task
INFO: [Pwropt 34-132] Will skip clock gating for clocks with period < 3.13 ns.
Ending Power Optimization Task | Checksum: 1e2b5f7ca

Time (s): cpu = 00:00:00 ; elapsed = 00:00:00.009 . Memory (MB): peak = 871.691 ; gain = 0.000
INFO: [Common 17-83] Releasing license: Implementation
22 Infos, 1 Warnings, 1 Critical Warnings and 0 Errors encountered.
opt_design completed successfully
opt_design: Time (s): cpu = 00:00:16 ; elapsed = 00:00:16 . Memory (MB): peak = 871.691 ; gain = 419.238
Writing XDEF routing.
Writing XDEF routing logical nets.
Writing XDEF routing special nets.
Write XDEF Complete: Time (s): cpu = 00:00:00 ; elapsed = 00:00:00.206 . Memory (MB): peak = 871.691 ; gain = 0.000
Command: place_design
Attempting to get a license for feature 'Implementation' and/or device 'xc7z020'
INFO: [Common 17-349] Got license for feature 'Implementation' and/or device 'xc7z020'
Running DRC as a precondition to command place_design
INFO: [Drc 23-27] Running DRC with 2 threads
INFO: [Vivado_Tcl 4-198] DRC finished with 0 Errors
INFO: [Vivado_Tcl 4-199] Please refer to the DRC report (report_drc) for more information.

Starting Placer Task
INFO: [Place 30-611] Multithreading enabled for place_design using a maximum of 2 CPUs

Phase 1 Placer Runtime Estimator
Phase 1 Placer Runtime Estimator | Checksum: ef84af8b

Time (s): cpu = 00:00:00 ; elapsed = 00:00:00.017 . Memory (MB): peak = 871.691 ; gain = 0.000

Phase 2 Placer Initialization

Phase 2.1 Placer Initialization Core
Netlist sorting complete. Time (s): cpu = 00:00:00 ; elapsed = 00:00:00.001 . Memory (MB): peak = 871.691 ; gain = 0.000

Phase 2.1.1 Mandatory Logic Optimization
Netlist sorting complete. Time (s): cpu = 00:00:00 ; elapsed = 00:00:00 . Memory (MB): peak = 871.691 ; gain = 0.000
Phase 2.1.1 Mandatory Logic Optimization | Checksum: 2e03e4b8

Time (s): cpu = 00:00:00 ; elapsed = 00:00:00.019 . Memory (MB): peak = 871.691 ; gain = 0.000

Phase 2.1.2 Build Super Logic Region (SLR) Database
Phase 2.1.2 Build Super Logic Region (SLR) Database | Checksum: 2e03e4b8

Time (s): cpu = 00:00:00 ; elapsed = 00:00:00.035 . Memory (MB): peak = 871.691 ; gain = 0.000

Phase 2.1.3 Add Constraints
Phase 2.1.3 Add Constraints | Checksum: 2e03e4b8

Time (s): cpu = 00:00:00 ; elapsed = 00:00:00.036 . Memory (MB): peak = 871.691 ; gain = 0.000

Phase 2.1.4 Build Shapes/ HD Config

Phase 2.1.4.1 Build Macros
Phase 2.1.4.1 Build Macros | Checksum: 121b47f4a

Time (s): cpu = 00:00:00 ; elapsed = 00:00:00.061 . Memory (MB): peak = 871.691 ; gain = 0.000
Phase 2.1.4 Build Shapes/ HD Config | Checksum: 121b47f4a

Time (s): cpu = 00:00:00 ; elapsed = 00:00:00.061 . Memory (MB): peak = 871.691 ; gain = 0.000

Phase 2.1.5 IO Placement/ Clock Placement/ Build Placer Device

Phase 2.1.5.1 Pre-Place Cells
Phase 2.1.5.1 Pre-Place Cells | Checksum: 2e03e4b8

Time (s): cpu = 00:00:00 ; elapsed = 00:00:00.066 . Memory (MB): peak = 871.691 ; gain = 0.000
WARNING: [Place 30-568] A LUT 'wr_blk_p_reg_i_2' is driving clock pin of 1 registers. This could lead to large hold time violations. First few involved registers are:
	wr_blk_p_reg {LDCE}
WARNING: [Place 30-568] A LUT 'wr_dac_p_reg_i_2' is driving clock pin of 1 registers. This could lead to large hold time violations. First few involved registers are:
	wr_dac_p_reg {LDCE}
INFO: [Timing 38-35] Done setting XDC timing constraints.

Phase 2.1.5.2 IO & Clk Clean Up
Phase 2.1.5.2 IO & Clk Clean Up | Checksum: 2e03e4b8

Time (s): cpu = 00:00:00 ; elapsed = 00:00:00.325 . Memory (MB): peak = 871.691 ; gain = 0.000

Phase 2.1.5.3 Implementation Feasibility check On IDelay
Phase 2.1.5.3 Implementation Feasibility check On IDelay | Checksum: 2e03e4b8

Time (s): cpu = 00:00:00 ; elapsed = 00:00:00.326 . Memory (MB): peak = 871.691 ; gain = 0.000

Phase 2.1.5.4 Commit IO Placement
Phase 2.1.5.4 Commit IO Placement | Checksum: 2b08b43b

Time (s): cpu = 00:00:00 ; elapsed = 00:00:00.327 . Memory (MB): peak = 871.691 ; gain = 0.000
Phase 2.1.5 IO Placement/ Clock Placement/ Build Placer Device | Checksum: 11eb94ecd

Time (s): cpu = 00:00:00 ; elapsed = 00:00:00.328 . Memory (MB): peak = 871.691 ; gain = 0.000

Phase 2.1.6 Build Placer Netlist Model

Phase 2.1.6.1 Place Init Design
Phase 2.1.6.1 Place Init Design | Checksum: 19426da23

Time (s): cpu = 00:00:00 ; elapsed = 00:00:00.354 . Memory (MB): peak = 871.691 ; gain = 0.000
Phase 2.1.6 Build Placer Netlist Model | Checksum: 19426da23

Time (s): cpu = 00:00:00 ; elapsed = 00:00:00.355 . Memory (MB): peak = 871.691 ; gain = 0.000

Phase 2.1.7 Constrain Clocks/Macros

Phase 2.1.7.1 Constrain Global/Regional Clocks
Phase 2.1.7.1 Constrain Global/Regional Clocks | Checksum: 19426da23

Time (s): cpu = 00:00:00 ; elapsed = 00:00:00.365 . Memory (MB): peak = 871.691 ; gain = 0.000
Phase 2.1.7 Constrain Clocks/Macros | Checksum: 19426da23

Time (s): cpu = 00:00:00 ; elapsed = 00:00:00.366 . Memory (MB): peak = 871.691 ; gain = 0.000
Phase 2.1 Placer Initialization Core | Checksum: 19426da23

Time (s): cpu = 00:00:00 ; elapsed = 00:00:00.369 . Memory (MB): peak = 871.691 ; gain = 0.000
Phase 2 Placer Initialization | Checksum: 19426da23

Time (s): cpu = 00:00:00 ; elapsed = 00:00:00.370 . Memory (MB): peak = 871.691 ; gain = 0.000

Phase 3 Global Placement
Phase 3 Global Placement | Checksum: 164e1700d

Time (s): cpu = 00:00:01 ; elapsed = 00:00:00.922 . Memory (MB): peak = 871.691 ; gain = 0.000

Phase 4 Detail Placement

Phase 4.1 Commit Multi Column Macros
Phase 4.1 Commit Multi Column Macros | Checksum: 164e1700d

Time (s): cpu = 00:00:01 ; elapsed = 00:00:00.927 . Memory (MB): peak = 871.691 ; gain = 0.000

Phase 4.2 Commit Most Macros & LUTRAMs
Phase 4.2 Commit Most Macros & LUTRAMs | Checksum: 1ca7b78ca

Time (s): cpu = 00:00:01 ; elapsed = 00:00:00.948 . Memory (MB): peak = 871.691 ; gain = 0.000

Phase 4.3 Area Swap Optimization
Phase 4.3 Area Swap Optimization | Checksum: 2c33f0f2e

Time (s): cpu = 00:00:01 ; elapsed = 00:00:00.983 . Memory (MB): peak = 871.691 ; gain = 0.000

Phase 4.4 Commit Small Macros & Core Logic
Phase 4.4 Commit Small Macros & Core Logic | Checksum: 2e64013a5

Time (s): cpu = 00:00:01 ; elapsed = 00:00:01 . Memory (MB): peak = 873.094 ; gain = 1.402

Phase 4.5 Re-assign LUT pins
Phase 4.5 Re-assign LUT pins | Checksum: 2e64013a5

Time (s): cpu = 00:00:01 ; elapsed = 00:00:01 . Memory (MB): peak = 873.133 ; gain = 1.441
Phase 4 Detail Placement | Checksum: 2e64013a5

Time (s): cpu = 00:00:01 ; elapsed = 00:00:01 . Memory (MB): peak = 873.133 ; gain = 1.441

Phase 5 Post Placement Optimization and Clean-Up

Phase 5.1 PCOPT Shape updates
Phase 5.1 PCOPT Shape updates | Checksum: 1e4ef3f7a

Time (s): cpu = 00:00:01 ; elapsed = 00:00:01 . Memory (MB): peak = 873.133 ; gain = 1.441

Phase 5.2 Post Placement Cleanup
Phase 5.2 Post Placement Cleanup | Checksum: 1e4ef3f7a

Time (s): cpu = 00:00:01 ; elapsed = 00:00:01 . Memory (MB): peak = 873.133 ; gain = 1.441

Phase 5.3 Placer Reporting
Phase 5.3 Placer Reporting | Checksum: 1e4ef3f7a

Time (s): cpu = 00:00:01 ; elapsed = 00:00:01 . Memory (MB): peak = 873.133 ; gain = 1.441

Phase 5.4 Final Placement Cleanup
Phase 5.4 Final Placement Cleanup | Checksum: 18c3b6d8b

Time (s): cpu = 00:00:01 ; elapsed = 00:00:01 . Memory (MB): peak = 873.133 ; gain = 1.441
Phase 5 Post Placement Optimization and Clean-Up | Checksum: 18c3b6d8b

Time (s): cpu = 00:00:01 ; elapsed = 00:00:01 . Memory (MB): peak = 873.133 ; gain = 1.441
Ending Placer Task | Checksum: 10603b007

Time (s): cpu = 00:00:00 ; elapsed = 00:00:01 . Memory (MB): peak = 873.133 ; gain = 1.441
INFO: [Common 17-83] Releasing license: Implementation
29 Infos, 3 Warnings, 1 Critical Warnings and 0 Errors encountered.
place_design completed successfully
Writing XDEF routing.
Writing XDEF routing logical nets.
Writing XDEF routing special nets.
Write XDEF Complete: Time (s): cpu = 00:00:01 ; elapsed = 00:00:00.187 . Memory (MB): peak = 874.492 ; gain = 1.359
report_utilization: Time (s): cpu = 00:00:00 ; elapsed = 00:00:00.039 . Memory (MB): peak = 885.063 ; gain = 0.000
Command: route_design
Attempting to get a license for feature 'Implementation' and/or device 'xc7z020'
INFO: [Common 17-349] Got license for feature 'Implementation' and/or device 'xc7z020'
Running DRC as a precondition to command route_design
INFO: [Drc 23-27] Running DRC with 2 threads
INFO: [Vivado_Tcl 4-198] DRC finished with 0 Errors
INFO: [Vivado_Tcl 4-199] Please refer to the DRC report (report_drc) for more information.


Starting Routing Task
INFO: [Route 35-254] Multithreading enabled for route_design using a maximum of 2 CPUs

Starting Route Task

Phase 1 Build RT Design
Phase 1 Build RT Design | Checksum: a7d81f2e

Time (s): cpu = 00:00:39 ; elapsed = 00:00:36 . Memory (MB): peak = 1030.691 ; gain = 134.465

Phase 2 Router Initialization
INFO: [Route 35-64] No timing constraints were detected. The router will operate in resource-optimization mode.
 Number of Nodes with overlaps = 0
Phase 2 Router Initialization | Checksum: 1463cfbb7

Time (s): cpu = 00:00:40 ; elapsed = 00:00:36 . Memory (MB): peak = 1042.680 ; gain = 146.453

Phase 3 Initial Routing
Phase 3 Initial Routing | Checksum: b136262f

Time (s): cpu = 00:00:40 ; elapsed = 00:00:36 . Memory (MB): peak = 1042.680 ; gain = 146.453

Phase 4 Rip-up And Reroute

Phase 4.1 Global Iteration 0
 Number of Nodes with overlaps = 6
 Number of Nodes with overlaps = 0
Phase 4.1 Global Iteration 0 | Checksum: 15f4005f3

Time (s): cpu = 00:00:40 ; elapsed = 00:00:36 . Memory (MB): peak = 1042.680 ; gain = 146.453
Phase 4 Rip-up And Reroute | Checksum: 15f4005f3

Time (s): cpu = 00:00:40 ; elapsed = 00:00:36 . Memory (MB): peak = 1042.680 ; gain = 146.453

Phase 5 Post Hold Fix
Phase 5 Post Hold Fix | Checksum: 15f4005f3

Time (s): cpu = 00:00:40 ; elapsed = 00:00:36 . Memory (MB): peak = 1042.680 ; gain = 146.453

Phase 6 Route finalize

Router Utilization Summary
  Global Vertical Routing Utilization    = 0.0130475 %
  Global Horizontal Routing Utilization  = 0.012931 %
  Routable Net Status*
  *Does not include unroutable nets such as driverless and loadless.
  Run report_route_status for detailed report.
  Number of Failed Nets               = 0
  Number of Unrouted Nets             = 0
  Number of Partially Routed Nets     = 0
  Number of Node Overlaps             = 0

Congestion Report
North Dir 1x1 Area, Max Cong = 10.8108%, No Congested Regions.
South Dir 1x1 Area, Max Cong = 15.3153%, No Congested Regions.
East Dir 1x1 Area, Max Cong = 14.7059%, No Congested Regions.
West Dir 1x1 Area, Max Cong = 8.82353%, No Congested Regions.
Phase 6 Route finalize | Checksum: 15f4005f3

Time (s): cpu = 00:00:40 ; elapsed = 00:00:36 . Memory (MB): peak = 1042.680 ; gain = 146.453

Phase 7 Verifying routed nets

 Verification completed successfully
Phase 7 Verifying routed nets | Checksum: 15f4005f3

Time (s): cpu = 00:00:40 ; elapsed = 00:00:36 . Memory (MB): peak = 1042.680 ; gain = 146.453

Phase 8 Depositing Routes
Phase 8 Depositing Routes | Checksum: f63788ce

Time (s): cpu = 00:00:40 ; elapsed = 00:00:37 . Memory (MB): peak = 1042.680 ; gain = 146.453
INFO: [Route 35-16] Router Completed Successfully
Ending Route Task | Checksum: f63788ce

Time (s): cpu = 00:00:00 ; elapsed = 00:00:37 . Memory (MB): peak = 1042.680 ; gain = 146.453

Routing Is Done.

Time (s): cpu = 00:00:00 ; elapsed = 00:00:37 . Memory (MB): peak = 1042.680 ; gain = 146.453
INFO: [Common 17-83] Releasing license: Implementation
37 Infos, 3 Warnings, 1 Critical Warnings and 0 Errors encountered.
route_design completed successfully
route_design: Time (s): cpu = 00:00:41 ; elapsed = 00:00:37 . Memory (MB): peak = 1042.680 ; gain = 157.617
Writing XDEF routing.
Writing XDEF routing logical nets.
Writing XDEF routing special nets.
Write XDEF Complete: Time (s): cpu = 00:00:00 ; elapsed = 00:00:00.237 . Memory (MB): peak = 1042.680 ; gain = 0.000
INFO: [Drc 23-27] Running DRC with 2 threads
INFO: [Coretcl 2-168] The results of DRC are in file C:/Zynq_Book/ANOTHER_AND_GATE/ANOTHER_AND_GATE.runs/impl_1/DAC_Control_drc_routed.rpt.
INFO: [Timing 38-91] UpdateTimingParams: Speed grade: -1, Delay Type: min_max, Constraints type: SDC.
INFO: [Timing 38-191] Multithreading enabled for timing update using a maximum of 2 CPUs
WARNING: [Power 33-232] No user defined clocks was found in the design!
Resolution: Please specify clocks using create_clock/create_generated_clock for sequential elements. For pure combinatorial circuits, please specify a virtual clock, otherwise the vectorless estimation might be inaccurate
Running Vector-less Activity Propagation...

Finished Running Vector-less Activity Propagation
Attempting to get a license for feature 'Implementation' and/or device 'xc7z020'
INFO: [Common 17-349] Got license for feature 'Implementation' and/or device 'xc7z020'
Running DRC as a precondition to command write_bitstream
INFO: [Drc 23-27] Running DRC with 2 threads
INFO: [Vivado 12-3199] DRC finished with 0 Errors, 6 Warnings
INFO: [Vivado 12-3200] Please refer to the DRC report (report_drc) for more information.
Loading data files...
Loading site data...
Loading route data...
Processing options...
Creating bitmap...
Creating bitstream...
Writing bitstream ./DAC_Control.bit...
INFO: [Vivado 12-1842] Bitgen Completed Successfully.
INFO: [Project 1-118] WebTalk data collection is enabled (User setting is ON. Install Setting is ON.).
INFO: [Common 17-186] 'C:/Zynq_Book/ANOTHER_AND_GATE/ANOTHER_AND_GATE.runs/impl_1/usage_statistics_webtalk.xml' has been successfully sent to Xilinx on Mon Apr 22 16:43:37 2019. For additional details about this file, please refer to the WebTalk help file at C:/Xilinx/Vivado/2014.2/doc/webtalk_introduction.html.
INFO: [Common 17-83] Releasing license: Implementation
write_bitstream: Time (s): cpu = 00:00:33 ; elapsed = 00:00:37 . Memory (MB): peak = 1381.043 ; gain = 329.137
INFO: [Common 17-206] Exiting Vivado at Mon Apr 22 16:43:37 2019...
