Copyright 1986-2014 Xilinx, Inc. All Rights Reserved.
--------------------------------------------------------------------------------------
| Tool Version : Vivado v.2014.2 (win64) Build 932637 Wed Jun 11 13:33:10 MDT 2014
| Date         : Thu Apr 25 22:20:53 2019
| Host         : DESKTOP-AUBSM1F running 64-bit major release  (build 9200)
| Command      : report_clock_utilization -file AND_GATE_clock_utilization_placed.rpt
| Design       : AND_GATE
| Device       : xc7z020
--------------------------------------------------------------------------------------

Clock Utilization Report

Table of Contents
-----------------
1. Clock Primitive Utilization
2. Details of Global Clocks
3. Details of Regional Clocks
4. Details of Multi-Regional Clocks
5. Details of I/O Clocks
6. Details of Local Clocks
7. Clock Regions : Key Resource Utilization
8. Net wise resources used in clock region X0Y0
9. Net wise resources used in clock region X1Y0
10. Net wise resources used in clock region X0Y1
11. Net wise resources used in clock region X1Y2

1. Clock Primitive Utilization
------------------------------

+-------+------+-----------+-----------+
| Type  | Used | Available | Num Fixed |
+-------+------+-----------+-----------+
| BUFG  |    2 |        32 |         0 |
| BUFH  |    0 |        72 |         0 |
| BUFIO |    0 |        16 |         0 |
| MMCM  |    0 |         4 |         0 |
| PLL   |    0 |         4 |         0 |
| BUFR  |    0 |        16 |         0 |
| BUFMR |    0 |         8 |         0 |
+-------+------+-----------+-----------+


2. Details of Global Clocks
---------------------------

+-------+-----------------------+------------------+--------------+-------+---------------+-----------+
|       |                       |                  |   Num Loads  |       |               |           |
+-------+-----------------------+------------------+------+-------+-------+---------------+-----------+
| Index | BUFG Cell             | Net Name         | BELs | Sites | Fixed | MaxDelay (ns) | Skew (ns) |
+-------+-----------------------+------------------+------+-------+-------+---------------+-----------+
|     1 | GCLK_IBUF_BUFG_inst   | GCLK_IBUF_BUFG   |   33 |    10 |    no |         1.883 |     0.184 |
|     2 | n_0_clk_reg_BUFG_inst | n_0_clk_reg_BUFG |   34 |    11 |    no |         3.197 |     1.543 |
+-------+-----------------------+------------------+------+-------+-------+---------------+-----------+


3. Details of Regional Clocks
-----------------------------

4. Details of Multi-Regional Clocks
-----------------------------------

5. Details of I/O Clocks
------------------------

6. Details of Local Clocks
--------------------------

7. Clock Regions : Key Resource Utilization
-------------------------------------------

+-------------------+--------------+--------------+--------------+--------------+--------------+--------------+--------------+--------------+--------------+--------------+--------------+--------------+--------------+--------------+--------------+
|                   | Global Clock |     BUFRs    |    BUFMRs    |    BUFIOs    |     MMCM     |      PLL     |      GT      |      PCI     |    ILOGIC    |    OLOGIC    |      FF      |     LUTM     |    RAMB18    |    RAMB36    |    DSP48E1   |
+-------------------+------+-------+------+-------+------+-------+------+-------+------+-------+------+-------+------+-------+------+-------+------+-------+------+-------+------+-------+------+-------+------+-------+------+-------+------+-------+
| Clock Region Name | Used | Avail | Used | Avail | Used | Avail | Used | Avail | Used | Avail | Used | Avail | Used | Avail | Used | Avail | Used | Avail | Used | Avail | Used | Avail | Used | Avail | Used | Avail | Used | Avail | Used | Avail |
+-------------------+------+-------+------+-------+------+-------+------+-------+------+-------+------+-------+------+-------+------+-------+------+-------+------+-------+------+-------+------+-------+------+-------+------+-------+------+-------+
| X0Y0              |    1 |    12 |    0 |     4 |    0 |     2 |    0 |     4 |    0 |     1 |    0 |     1 |    0 |     0 |    0 |     0 |    0 |    50 |    0 |    50 |    0 | 20000 |    0 |  4000 |    0 |    60 |    0 |    30 |    0 |    60 |
| X1Y0              |    1 |    12 |    0 |     4 |    0 |     2 |    0 |     4 |    0 |     1 |    0 |     1 |    0 |     0 |    0 |     0 |    0 |    50 |    0 |    50 |   33 | 25600 |    0 |  3400 |    0 |    60 |    0 |    30 |    0 |    40 |
| X0Y1              |    1 |    12 |    0 |     0 |    0 |     0 |    0 |     0 |    0 |     0 |    0 |     0 |    0 |     0 |    0 |     0 |    0 |     0 |    0 |     0 |   32 |  9600 |    0 |  1600 |    0 |    20 |    0 |    10 |    0 |    20 |
| X1Y1              |    0 |    12 |    0 |     4 |    0 |     2 |    0 |     4 |    0 |     1 |    0 |     1 |    0 |     0 |    0 |     0 |    0 |    50 |    0 |    50 |    0 | 20800 |    0 |  3400 |    0 |    60 |    0 |    30 |    0 |    40 |
| X0Y2              |    0 |    12 |    0 |     0 |    0 |     0 |    0 |     0 |    0 |     0 |    0 |     0 |    0 |     0 |    0 |     0 |    0 |     0 |    0 |     0 |    0 |  9600 |    0 |  1600 |    0 |    20 |    0 |    10 |    0 |    20 |
| X1Y2              |    1 |    12 |    0 |     4 |    0 |     2 |    0 |     4 |    0 |     1 |    0 |     1 |    0 |     0 |    0 |     0 |    0 |    50 |    0 |    50 |    0 | 20800 |    0 |  3400 |    0 |    60 |    0 |    30 |    0 |    40 |
+-------------------+------+-------+------+-------+------+-------+------+-------+------+-------+------+-------+------+-------+------+-------+------+-------+------+-------+------+-------+------+-------+------+-------+------+-------+------+-------+
* RAMB36 site can be used as two RAMB18/FIFO18 sites


8. Net wise resources used in clock region X0Y0
-----------------------------------------------

+-------------+-------------+-------+-----------+----------+---------+-----------+---------+---------+-----+-------+----------+----------------+
| Source Type | BUFHCE Site | Fixed | MMCM Pins | PLL Pins | GT Pins | BRAM Pins | ILOGICs | OLOGICs | FFs | LUTMs | DSP48E1s | Clock Net Name |
+-------------+-------------+-------+-----------+----------+---------+-----------+---------+---------+-----+-------+----------+----------------+


9. Net wise resources used in clock region X1Y0
-----------------------------------------------

+-------------+-------------+-------+-----------+----------+---------+-----------+---------+---------+-----+-------+----------+----------------+
| Source Type | BUFHCE Site | Fixed | MMCM Pins | PLL Pins | GT Pins | BRAM Pins | ILOGICs | OLOGICs | FFs | LUTMs | DSP48E1s | Clock Net Name |
+-------------+-------------+-------+-----------+----------+---------+-----------+---------+---------+-----+-------+----------+----------------+
| BUFG        |     ---     |   no  |         0 |        0 |       0 |         0 |       0 |       0 |  33 |     0 |        0 | GCLK_IBUF_BUFG |
+-------------+-------------+-------+-----------+----------+---------+-----------+---------+---------+-----+-------+----------+----------------+


10. Net wise resources used in clock region X0Y1
------------------------------------------------

+-------------+-------------+-------+-----------+----------+---------+-----------+---------+---------+-----+-------+----------+------------------+
| Source Type | BUFHCE Site | Fixed | MMCM Pins | PLL Pins | GT Pins | BRAM Pins | ILOGICs | OLOGICs | FFs | LUTMs | DSP48E1s |  Clock Net Name  |
+-------------+-------------+-------+-----------+----------+---------+-----------+---------+---------+-----+-------+----------+------------------+
| BUFG        |     ---     |   no  |         0 |        0 |       0 |         0 |       0 |       0 |  32 |     0 |        0 | n_0_clk_reg_BUFG |
+-------------+-------------+-------+-----------+----------+---------+-----------+---------+---------+-----+-------+----------+------------------+


11. Net wise resources used in clock region X1Y2
------------------------------------------------

+-------------+-------------+-------+-----------+----------+---------+-----------+---------+---------+-----+-------+----------+----------------+
| Source Type | BUFHCE Site | Fixed | MMCM Pins | PLL Pins | GT Pins | BRAM Pins | ILOGICs | OLOGICs | FFs | LUTMs | DSP48E1s | Clock Net Name |
+-------------+-------------+-------+-----------+----------+---------+-----------+---------+---------+-----+-------+----------+----------------+



# Location of BUFG Primitives 
set_property LOC BUFGCTRL_X0Y1 [get_cells GCLK_IBUF_BUFG_inst]
set_property LOC BUFGCTRL_X0Y0 [get_cells n_0_clk_reg_BUFG_inst]

# Location of IO Clock Primitives

# Location of MMCM Clock Primitives

# Location of BUFH Clock Primitives

# Location of BUFR Clock Primitives

# Location of BUFMR Clock Primitives

# Location of PLL Clock Primitives

# Location of IO Primitives which is load of clock spine
set_property LOC IOB_X1Y122 [get_cells FMC_LA18_CC_P_OBUF_inst]
set_property LOC IOB_X0Y14 [get_cells JC2_P_OBUF_inst]

# Location of clock ports
set_property LOC IOB_X0Y26 [get_ports GCLK]

# Clock net "GCLK_IBUF_BUFG" driven by instance "GCLK_IBUF_BUFG_inst" located at site "BUFGCTRL_X0Y1"
#startgroup
create_pblock CLKAG_GCLK_IBUF_BUFG
add_cells_to_pblock [get_pblocks  CLKAG_GCLK_IBUF_BUFG] [get_cells  -filter { IS_PRIMITIVE==1 && PRIMITIVE_LEVEL !=INTERNAL } -of_object [get_pins -filter {DIRECTION==IN} -of_objects [get_nets -hierarchical -filter {PARENT=="GCLK_IBUF_BUFG"}]]]
resize_pblock [get_pblocks CLKAG_GCLK_IBUF_BUFG] -add {CLOCKREGION_X1Y0:CLOCKREGION_X1Y0}
#endgroup

# Clock net "n_0_clk_reg_BUFG" driven by instance "n_0_clk_reg_BUFG_inst" located at site "BUFGCTRL_X0Y0"
#startgroup
create_pblock CLKAG_n_0_clk_reg_BUFG
add_cells_to_pblock [get_pblocks  CLKAG_n_0_clk_reg_BUFG] [get_cells  -filter { IS_PRIMITIVE==1 && PRIMITIVE_LEVEL !=INTERNAL && NAME!=JC2_P_OBUF_inst && NAME!=FMC_LA18_CC_P_OBUF_inst} -of_object [get_pins -filter {DIRECTION==IN} -of_objects [get_nets -hierarchical -filter {PARENT=="n_0_clk_reg_BUFG"}]]]
resize_pblock [get_pblocks CLKAG_n_0_clk_reg_BUFG] -add {CLOCKREGION_X0Y1:CLOCKREGION_X0Y1}
#endgroup
